<?xml version="1.0" encoding="UTF-8"?>
<!-- Generated by org.testng.reporters.JUnitReportReporter -->
<testsuite hostname="CNchenli.local" name="ShoppingTest" tests="2" failures="0" timestamp="10 Jan 2018 08:18:04 GMT" time="91.665" errors="0">
  <testcase name="searchFood" time="45.652" classname="ShoppingTest"/>
  <testcase name="searchFood" time="46.013" classname="ShoppingTest"/>
</testsuite> <!-- ShoppingTest -->
